[2025-02-20T12:05:52.920027+00:00] currency_exchange.INFO: Conversion: 20 USD to 19.19 EUR at rate 0.959510156 [] []
[2025-02-20T12:17:48.151316+00:00] currency_exchange.INFO: Conversion: 20 USD to 19.19 EUR at rate 0.959510156 [] []
[2025-02-20T12:17:48.747353+00:00] currency_exchange.INFO: Conversion: 20 USD to 19.19 EUR at rate 0.959510156 [] []
[2025-02-20T12:17:54.595205+00:00] currency_exchange.INFO: Conversion: 10 CHF to 11.06 USD at rate 1.1058030899176 [] []
[2025-02-20T12:18:41.424010+00:00] currency_exchange.INFO: Conversion: 1 USD to 0.96 EUR at rate 0.959510156 [] []
[2025-02-20T12:18:42.878963+00:00] currency_exchange.INFO: Conversion: 1 USD to 0.96 EUR at rate 0.959510156 [] []
[2025-02-20T12:18:43.850851+00:00] currency_exchange.WARNING: Rate limit exceeded by IP: ::1 [] []
[2025-02-20T12:18:45.025837+00:00] currency_exchange.WARNING: Rate limit exceede3d by IP: ::1 [] []
[2025-03-06T11:51:40.627357+00:00] currency_exchange.INFO: Conversion : 5 USD en 4.63 EUR avec un taux de 0.926170163 [] []
[2025-03-06T11:53:25.314436+00:00] currency_exchange.INFO: Conversion : 500 USD en 445.26 CHF avec un taux de 0.8905101498 | Temp de réponse de l'API 0  [] []
[2025-03-06T11:54:09.259391+00:00] currency_exchange.INFO: Conversion : 500 USD en 445.26 CHF avec un taux de 0.8905101498 | Temps de réponse API : 0 s [] []
[2025-03-06T11:54:10.017094+00:00] currency_exchange.INFO: Conversion : 500 USD en 445.26 CHF avec un taux de 0.8905101498 | Temps de réponse API : 0 s [] []
[2025-03-06T11:54:11.495659+00:00] currency_exchange.INFO: Conversion : 500 USD en 445.26 CHF avec un taux de 0.8905101498 | Temps de réponse API : 0 s [] []
[2025-03-06T11:54:19.208069+00:00] currency_exchange.INFO: Conversion : 50 USD en 46.31 EUR avec un taux de 0.926170163 | Temps de réponse API : 0 s [] []
[2025-03-06T11:54:43.579047+00:00] currency_exchange.INFO: Conversion : 25 CHF en 28.07 USD avec un taux de 1.1229518273594 | Temps de réponse API : 2.1457672119141E-6 s [] []
[2025-03-06T11:55:11.679062+00:00] currency_exchange.INFO: Conversion : 55 EUR en 52.88 CHF avec un taux de 0.9614973418227 | Temps de réponse API : 0 s [] []
[2025-03-06T11:56:41.049454+00:00] currency_exchange.INFO: Conversion : 55 EUR en 85.12 CAD avec un taux de 1.5475560057531 | Temps de réponse API : 0 s [] []
[2025-03-06T11:56:56.517083+00:00] currency_exchange.INFO: Conversion : 25 CHF en 28.07 USD avec un taux de 1.1229518273594 | Temps de réponse API : 0 s [] []
[2025-03-06T11:58:31.765853+00:00] currency_exchange.INFO: Conversion : 500394346649823943 USD en 717,215,316,181,312,768.00 CAD avec un taux de 1.4333001981 | Temps de réponse API : 0 s [] []
[2025-03-06T11:58:50.812898+00:00] currency_exchange.INFO: Conversion : 923972832109698325984529354986023864934 CHF en 804,713,727,463,255,525,824,499,546,353,160,945,664.00 GBP avec un taux de 0.87092790988871 | Temps de réponse API : 2.1458E-6 s [] []
[2025-03-06T11:59:21.517054+00:00] currency_exchange.INFO: Conversion : 2937283093264096230949023409830543434236723273749834095670923465709234609573245790432650974609757923497056340975670943504 USD en 2,615,680,407,387,617,493,115,885,830,072,965,629,293,971,117,214,661,745,963,349,508,441,951,271,824,359,719,694,310,344,636,217,752,557,039,940,167,840,825,344.00 CHF avec un taux de 0.8905101498 | Temps de réponse API : 1.9073E-6 s [] []
